<?xml version="1.0" encoding="UTF-8"?>
<testsuites name="jest tests" tests="2" failures="2" time="10.593">
  <testsuite name="Zadanie nr. 2" errors="0" failures="2" skipped="0" timestamp="2022-12-26T22:52:34" time="7.69" tests="2">
    <testcase classname="Zadanie nr. 2" name="Dodano div o szerokości 33%" time="0.026">
      <failure>Error: expect(received).toBe(expected) // Object.is equality

Expected: true
Received: false
    at Object.&lt;anonymous&gt; (/Users/Beata/Library/Application Support/Code/User/globalStorage/leancode.future-collars/futurecollars/fe-html-05-03/tests/check_elems.test.js:27:17)
    at processTicksAndRejections (node:internal/process/task_queues:95:5)</failure>
    </testcase>
    <testcase classname="Zadanie nr. 2" name="Ustawiono wysokość diva na równą szerokości (%)" time="0.005">
      <failure>Error: expect(received).toBe(expected) // Object.is equality

Expected: true
Received: false
    at Object.&lt;anonymous&gt; (/Users/Beata/Library/Application Support/Code/User/globalStorage/leancode.future-collars/futurecollars/fe-html-05-03/tests/check_elems.test.js:34:17)
    at processTicksAndRejections (node:internal/process/task_queues:95:5)</failure>
    </testcase>
  </testsuite>
</testsuites>